<?xml version="1.0" encoding="UTF-8"?>
<testng-results ignored="0" total="2" passed="2" failed="0" skipped="0">
  <reporter-output>
  </reporter-output>
  <suite started-at="2023-07-19T17:58:02 IST" name="Suite" finished-at="2023-07-19T17:58:27 IST" duration-ms="24866">
    <groups>
    </groups>
    <test started-at="2023-07-19T17:58:02 IST" name="DemoTest1" finished-at="2023-07-19T17:58:27 IST" duration-ms="24866">
      <class name="com.testng.demos.ExampleTestCases">
        <test-method is-config="true" signature="InitalizeDriver(int)[pri:0, instance:com.testng.demos.ExampleTestCases@3e8c3cb]" started-at="2023-07-19T17:58:03 IST" name="InitalizeDriver" finished-at="2023-07-19T17:58:07 IST" duration-ms="4660" status="PASS">
          <params>
            <param index="0">
              <value>
                <![CDATA[2]]>
              </value>
            </param>
          </params>
          <reporter-output>
          </reporter-output>
        </test-method> <!-- InitalizeDriver -->
        <test-method signature="TestGoogle(int,java.lang.String)[pri:0, instance:com.testng.demos.ExampleTestCases@3e8c3cb]" started-at="2023-07-19T17:58:11 IST" name="TestGoogle" finished-at="2023-07-19T17:58:22 IST" duration-ms="10788" status="PASS">
          <params>
            <param index="0">
              <value>
                <![CDATA[3000]]>
              </value>
            </param>
            <param index="1">
              <value>
                <![CDATA[http://www.google.com/]]>
              </value>
            </param>
          </params>
          <reporter-output>
          </reporter-output>
        </test-method> <!-- TestGoogle -->
      </class> <!-- com.testng.demos.ExampleTestCases -->
      <class name="com.testng.demos.OrangeHRMTests">
        <test-method is-config="true" signature="InitalizeDriver(int)[pri:0, instance:com.testng.demos.OrangeHRMTests@235ecd9f]" started-at="2023-07-19T17:58:07 IST" name="InitalizeDriver" finished-at="2023-07-19T17:58:11 IST" duration-ms="3688" status="PASS">
          <params>
            <param index="0">
              <value>
                <![CDATA[2]]>
              </value>
            </param>
          </params>
          <reporter-output>
          </reporter-output>
        </test-method> <!-- InitalizeDriver -->
        <test-method signature="LaunchApp()[pri:0, instance:com.testng.demos.OrangeHRMTests@235ecd9f]" started-at="2023-07-19T17:58:22 IST" name="LaunchApp" finished-at="2023-07-19T17:58:27 IST" duration-ms="5656" status="PASS">
          <reporter-output>
          </reporter-output>
        </test-method> <!-- LaunchApp -->
      </class> <!-- com.testng.demos.OrangeHRMTests -->
    </test> <!-- DemoTest1 -->
  </suite> <!-- Suite -->
</testng-results>
