<?xml version="1.0" encoding="UTF-8"?>
<!-- Generated by org.testng.reporters.JUnitXMLReporter -->
<testsuite ignored="2" hostname="SL-LP-DELL-860" failures="0" tests="2" name="DemoTest1" time="24.866" errors="0" timestamp="2023-07-19T17:58:27 IST">
  <testcase classname="com.testng.demos.ExampleTestCases" name="TestGoogle" time="10.788"/>
  <testcase classname="com.testng.demos.OrangeHRMTests" name="LaunchApp" time="5.656"/>
  <testcase classname="com.testng.demos.ExampleTestCases" name="TestFaceBook" time="0.0">
    <ignored/>
  </testcase> <!-- TestFaceBook -->
  <testcase classname="com.testng.demos.OrangeHRMTests" name="ViewMyInfo" time="0.0">
    <ignored/>
  </testcase> <!-- ViewMyInfo -->
</testsuite> <!-- DemoTest1 -->
