<?xml version="1.0" encoding="UTF-8"?>
<!-- Generated by org.testng.reporters.JUnitXMLReporter -->
<testsuite ignored="2" hostname="SL-LP-DELL-860" failures="1" tests="2" name="DemoTest2" time="23.386" errors="0" timestamp="2023-07-19T17:20:17 IST">
  <testcase classname="com.testng.demos.ExampleTestCases" name="TestFaceBook" time="16.405">
    <failure type="java.lang.AssertionError" message="The following asserts failed:
	Title Mismatch expected [true] but found [false],
	URL Mismatch expected [http://www.facebook.com/] but found [https://www.facebook.com/login/web/?email=venugopal%40gmail.com&amp;amp;is_from_lara=1]">
      <![CDATA[java.lang.AssertionError: The following asserts failed:
Title Mismatch expected [true] but found [false],
URL Mismatch expected [http://www.facebook.com/] but found [https://www.facebook.com/login/web/?email=venugopal%40gmail.com&is_from_lara=1]
at com.testng.demos.ExampleTestCases.TestFaceBook(ExampleTestCases.java:77)
at java.base/java.util.ArrayList.forEach(ArrayList.java:1511)
... Removed 29 stack frames]]>
    </failure>
  </testcase> <!-- TestFaceBook -->
  <testcase classname="com.testng.demos.OrangeHRMTests" name="ViewMyInfo" time="6.964"/>
  <testcase classname="com.testng.demos.ExampleTestCases" name="TestGoogle" time="0.0">
    <ignored/>
  </testcase> <!-- TestGoogle -->
  <testcase classname="com.testng.demos.OrangeHRMTests" name="LaunchApp" time="0.0">
    <ignored/>
  </testcase> <!-- LaunchApp -->
</testsuite> <!-- DemoTest2 -->
